2016/11/16 11:44:41 INFO  - jmeter.util.JMeterUtils: Setting Locale to en_US 
2016/11/16 11:44:41 INFO  - jmeter.JMeter: Loading system properties from: /Users/dharshana/isDevelopment/dharshanaw/4-3-0/3/JmeterTestArtifacts/target/jmeter/bin/system.properties 
2016/11/16 11:44:41 INFO  - jmeter.JMeter: Copyright (c) 1998-2016 The Apache Software Foundation 
2016/11/16 11:44:41 INFO  - jmeter.JMeter: Version 3.0 r1743807 
2016/11/16 11:44:41 INFO  - jmeter.JMeter: java.version=1.8.0_73 
2016/11/16 11:44:41 INFO  - jmeter.JMeter: java.vm.name=Java HotSpot(TM) 64-Bit Server VM 
2016/11/16 11:44:41 INFO  - jmeter.JMeter: os.name=Mac OS X 
2016/11/16 11:44:41 INFO  - jmeter.JMeter: os.arch=x86_64 
2016/11/16 11:44:41 INFO  - jmeter.JMeter: os.version=10.12.1 
2016/11/16 11:44:41 INFO  - jmeter.JMeter: file.encoding=UTF-8 
2016/11/16 11:44:41 INFO  - jmeter.JMeter: Max memory     =514850816 
2016/11/16 11:44:41 INFO  - jmeter.JMeter: Available Processors =8 
2016/11/16 11:44:41 INFO  - jmeter.JMeter: Default Locale=English (United States) 
2016/11/16 11:44:41 INFO  - jmeter.JMeter: JMeter  Locale=English (United States) 
2016/11/16 11:44:41 INFO  - jmeter.JMeter: JMeterHome=/Users/dharshana/isDevelopment/dharshanaw/4-3-0/3/JmeterTestArtifacts/target/jmeter 
2016/11/16 11:44:41 INFO  - jmeter.JMeter: user.dir  =/Users/dharshana/isDevelopment/dharshanaw/4-3-0/3/JmeterTestArtifacts/target/jmeter/bin 
2016/11/16 11:44:41 INFO  - jmeter.JMeter: PWD       =/Users/dharshana/isDevelopment/dharshanaw/4-3-0/3/JmeterTestArtifacts/target/jmeter/bin 
2016/11/16 11:44:46 INFO  - jmeter.JMeter: IP: 10.100.1.105 Name: Dharshanas-MacBook-Pro.local FullName: 10.100.1.105 
2016/11/16 11:44:46 INFO  - jmeter.services.FileServer: Default base='/Users/dharshana/isDevelopment/dharshanaw/4-3-0/3/JmeterTestArtifacts/target/jmeter/bin' 
2016/11/16 11:44:46 INFO  - jmeter.services.FileServer: Set new base='/Users/dharshana/isDevelopment/dharshanaw/4-3-0/3/JmeterTestArtifacts/target/jmeter/testFiles' 
2016/11/16 11:44:46 INFO  - jmeter.save.SaveService: Testplan (JMX) version: 2.2. Testlog (JTL) version: 2.2 
2016/11/16 11:44:46 INFO  - jmeter.save.SaveService: Using SaveService properties file encoding UTF-8 
2016/11/16 11:44:46 INFO  - jmeter.save.SaveService: Using SaveService properties version 2.9 
2016/11/16 11:44:46 INFO  - jmeter.save.SaveService: All converter versions present and correct 
2016/11/16 11:44:46 INFO  - jmeter.save.SaveService: Loading file: /Users/dharshana/isDevelopment/dharshanaw/4-3-0/3/JmeterTestArtifacts/target/jmeter/testFiles/SCIM-User-Add.jmx 
2016/11/16 11:44:46 INFO  - jmeter.protocol.http.sampler.HTTPSamplerBase: Parser for text/html is org.apache.jmeter.protocol.http.parser.LagartoBasedHtmlParser 
2016/11/16 11:44:46 INFO  - jmeter.protocol.http.sampler.HTTPSamplerBase: Parser for application/xhtml+xml is org.apache.jmeter.protocol.http.parser.LagartoBasedHtmlParser 
2016/11/16 11:44:46 INFO  - jmeter.protocol.http.sampler.HTTPSamplerBase: Parser for application/xml is org.apache.jmeter.protocol.http.parser.LagartoBasedHtmlParser 
2016/11/16 11:44:46 INFO  - jmeter.protocol.http.sampler.HTTPSamplerBase: Parser for text/xml is org.apache.jmeter.protocol.http.parser.LagartoBasedHtmlParser 
2016/11/16 11:44:46 INFO  - jmeter.protocol.http.sampler.HTTPSamplerBase: Parser for text/vnd.wap.wml is org.apache.jmeter.protocol.http.parser.RegexpHTMLParser 
2016/11/16 11:44:46 INFO  - jmeter.protocol.http.sampler.HTTPSamplerBase: Parser for text/css is org.apache.jmeter.protocol.http.parser.CssParser 
2016/11/16 11:44:46 INFO  - jmeter.JMeter: Creating summariser <summary> 
2016/11/16 11:44:46 INFO  - jmeter.engine.StandardJMeterEngine: Running the test! 
2016/11/16 11:44:46 INFO  - jmeter.samplers.SampleEvent: List of sample_variables: [] 
2016/11/16 11:44:46 INFO  - jmeter.samplers.SampleEvent: List of sample_variables: [] 
2016/11/16 11:44:46 INFO  - jmeter.engine.util.CompoundVariable: Note: Function class names must contain the string: '.functions.' 
2016/11/16 11:44:46 INFO  - jmeter.engine.util.CompoundVariable: Note: Function class names must not contain the string: '.gui.' 
2016/11/16 11:44:46 WARN  - jmeter.reporters.ResultCollector: Error creating directories for /data/support/ACTDEV-166/outputs 
2016/11/16 11:44:46 WARN  - jmeter.reporters.ResultCollector: Error creating directories for /data/support/ACTDEV-166/outputs 
2016/11/16 11:44:46 INFO  - jmeter.JMeter: Running test (1479276886418) 
2016/11/16 11:44:46 INFO  - jmeter.engine.StandardJMeterEngine: Starting ThreadGroup: 1 : Warm Up Add 
2016/11/16 11:44:46 INFO  - jmeter.engine.StandardJMeterEngine: Starting 1 threads for group Warm Up Add. 
2016/11/16 11:44:46 INFO  - jmeter.engine.StandardJMeterEngine: Thread will continue on error 
2016/11/16 11:44:46 INFO  - jmeter.threads.ThreadGroup: Starting thread group number 1 threads 1 ramp-up 1 perThread 1000.0 delayedStart=false 
2016/11/16 11:44:46 INFO  - jmeter.threads.ThreadGroup: Started thread group number 1 
2016/11/16 11:44:46 INFO  - jmeter.engine.StandardJMeterEngine: Waiting for thread group: Warm Up Add to finish before starting next group 
2016/11/16 11:44:46 INFO  - jmeter.threads.JMeterThread: Thread started: Warm Up Add 1-1 
2016/11/16 11:44:46 INFO  - jmeter.protocol.http.sampler.HTTPHCAbstractImpl: Local host = Dharshanas-MacBook-Pro.local 
2016/11/16 11:44:46 INFO  - jmeter.protocol.http.sampler.HTTPHC3Impl: HTTP request retry count = 0 
2016/11/16 11:44:46 INFO  - jmeter.samplers.SampleResult: Note: Sample TimeStamps are START times 
2016/11/16 11:44:46 INFO  - jmeter.samplers.SampleResult: sampleresult.default.encoding is set to ISO-8859-1 
2016/11/16 11:44:46 INFO  - jmeter.samplers.SampleResult: sampleresult.useNanoTime=true 
2016/11/16 11:44:46 INFO  - jmeter.samplers.SampleResult: sampleresult.nanoThreadSleep=5000 
2016/11/16 11:44:46 INFO  - jmeter.util.JsseSSLManager: Using default SSL protocol: TLS 
2016/11/16 11:44:46 INFO  - jmeter.util.JsseSSLManager: SSL session context: per-thread 
2016/11/16 11:44:46 INFO  - jmeter.util.SSLManager: JmeterKeyStore Location:  type JKS 
2016/11/16 11:44:46 INFO  - jmeter.util.SSLManager: KeyStore created OK 
2016/11/16 11:44:46 WARN  - jmeter.util.SSLManager: Keystore file not found, loading empty keystore 
2016/11/16 11:44:57 INFO  - jmeter.threads.JMeterThread: Thread is done: Warm Up Add 1-1 
2016/11/16 11:44:57 INFO  - jmeter.threads.JMeterThread: Thread finished: Warm Up Add 1-1 
2016/11/16 11:44:57 INFO  - jmeter.engine.StandardJMeterEngine: Starting ThreadGroup: 2 : Add_User 
2016/11/16 11:44:57 INFO  - jmeter.engine.StandardJMeterEngine: Starting 10 threads for group Add_User. 
2016/11/16 11:44:57 INFO  - jmeter.engine.StandardJMeterEngine: Thread will continue on error 
2016/11/16 11:44:57 INFO  - jmeter.threads.ThreadGroup: Starting thread group number 2 threads 10 ramp-up 10 perThread 1000.0 delayedStart=true 
2016/11/16 11:44:57 INFO  - jmeter.threads.ThreadGroup: Started thread group number 2 
2016/11/16 11:44:57 INFO  - jmeter.engine.StandardJMeterEngine: All thread groups have been started 
2016/11/16 11:44:57 INFO  - jmeter.threads.JMeterThread: Thread started: Add_User 2-1 
2016/11/16 11:44:58 INFO  - jmeter.threads.JMeterThread: Thread started: Add_User 2-2 
2016/11/16 11:44:59 INFO  - jmeter.threads.JMeterThread: Thread started: Add_User 2-3 
2016/11/16 11:45:00 INFO  - jmeter.reporters.Summariser: summary +    611 in 00:00:14 =   45.0/s Avg:    26 Min:     6 Max:  5526 Err:   610 (99.84%) Active: 3 Started: 4 Finished: 1 
2016/11/16 11:45:00 INFO  - jmeter.threads.JMeterThread: Thread started: Add_User 2-4 
2016/11/16 11:45:01 INFO  - jmeter.threads.JMeterThread: Thread started: Add_User 2-5 
2016/11/16 11:45:02 INFO  - jmeter.threads.JMeterThread: Thread started: Add_User 2-6 
2016/11/16 11:45:03 INFO  - jmeter.threads.JMeterThread: Thread started: Add_User 2-7 
2016/11/16 11:45:04 INFO  - jmeter.threads.JMeterThread: Thread started: Add_User 2-8 
2016/11/16 11:45:05 INFO  - jmeter.threads.JMeterThread: Thread started: Add_User 2-9 
2016/11/16 11:45:06 INFO  - jmeter.threads.JMeterThread: Thread started: Add_User 2-10 
2016/11/16 11:45:30 INFO  - jmeter.reporters.Summariser: summary +  26742 in 00:00:30 =  891.4/s Avg:    10 Min:     5 Max:   427 Err: 26742 (100.00%) Active: 10 Started: 11 Finished: 1 
2016/11/16 11:45:30 INFO  - jmeter.reporters.Summariser: summary =  27353 in 00:00:44 =  627.6/s Avg:    10 Min:     5 Max:  5526 Err: 27352 (100.00%) 
2016/11/16 11:45:52 INFO  - jmeter.reporters.ResultCollector: Shutdown hook started 
2016/11/16 11:45:52 INFO  - jmeter.reporters.ResultCollector: Shutdown hook ended 
